SafeSafar/app/build/intermediates/manifest_merge_blame_file/debug/manifest-merger-blame-debug-report.txt
1<?xml version="1.0" encoding="utf-8"?>
2<manifest xmlns:android="http://schemas.android.com/apk/res/android"
3    package="com.example.safesafar"
4    android:versionCode="2"
5    android:versionName="2.0" >
6
7    <uses-sdk
8        android:minSdkVersion="21"
8-->src\main\AndroidManifest.xml
9        android:targetSdkVersion="33" />
9-->src\main\AndroidManifest.xml
10
11    <uses-permission android:name="android.permission.ACCESS_FINE_LOCATION" />
11-->src\main\AndroidManifest.xml:4:5-79
11-->src\main\AndroidManifest.xml:4:22-76
12    <uses-permission android:name="android.permission.ACCESS_COARSE_LOCATION" />
12-->src\main\AndroidManifest.xml:5:5-81
12-->src\main\AndroidManifest.xml:5:22-78
13    <uses-permission android:name="android.permission.SEND_SMS" />
13-->src\main\AndroidManifest.xml:6:5-67
13-->src\main\AndroidManifest.xml:6:22-64
14    <uses-permission android:name="android.permission.FOREGROUND_SERVICE" />
14-->src\main\AndroidManifest.xml:8:5-77
14-->src\main\AndroidManifest.xml:8:22-74
15    <uses-permission android:name="android.permission.INTERNET" />
15-->src\main\AndroidManifest.xml:9:5-67
15-->src\main\AndroidManifest.xml:9:22-64
16    <uses-permission android:name="android.permission.VIBRATE" />
16-->src\main\AndroidManifest.xml:10:5-66
16-->src\main\AndroidManifest.xml:10:22-63
17    <uses-permission android:name="android.permission.READ_MEDIA_AUDIO" />
17-->src\main\AndroidManifest.xml:11:5-75
17-->src\main\AndroidManifest.xml:11:22-72
18    <uses-permission android:name="android.permission.READ_EXTERNAL_STORAGE" />
18-->src\main\AndroidManifest.xml:12:5-80
18-->src\main\AndroidManifest.xml:12:22-77
19    <uses-permission android:name="android.permission.REQUEST_IGNORE_BATTERY_OPTIMIZATIONS" />
19-->src\main\AndroidManifest.xml:13:5-95
19-->src\main\AndroidManifest.xml:13:22-92
20    <uses-permission android:name="android.permission.CAMERA" />
20-->src\main\AndroidManifest.xml:14:5-65
20-->src\main\AndroidManifest.xml:14:22-62
21    <uses-permission android:name="android.permission.ACCESS_NETWORK_STATE" />
21-->[com.pierfrancescosoffritti.androidyoutubeplayer:core:12.1.0] AndroidManifest.xml:8:5-79
21-->[com.pierfrancescosoffritti.androidyoutubeplayer:core:12.1.0] AndroidManifest.xml:8:22-76
22
23    <uses-feature
23-->[com.google.android.gms:play-services-maps:18.2.0] AndroidManifest.xml:26:5-28:35
24        android:glEsVersion="0x00020000"
24-->[com.google.android.gms:play-services-maps:18.2.0] AndroidManifest.xml:27:9-41
25        android:required="true" />
25-->[com.google.android.gms:play-services-maps:18.2.0] AndroidManifest.xml:28:9-32
26
27    <queries>
27-->[com.google.android.gms:play-services-maps:18.2.0] AndroidManifest.xml:30:5-34:15
28
29        <!-- Needs to be explicitly declared on Android R+ -->
30        <package android:name="com.google.android.apps.maps" />
30-->[com.google.android.gms:play-services-maps:18.2.0] AndroidManifest.xml:33:9-64
30-->[com.google.android.gms:play-services-maps:18.2.0] AndroidManifest.xml:33:18-61
31    </queries>
32
33    <permission
33-->[androidx.core:core:1.9.0] AndroidManifest.xml:22:5-24:47
34        android:name="com.example.safesafar.DYNAMIC_RECEIVER_NOT_EXPORTED_PERMISSION"
34-->[androidx.core:core:1.9.0] AndroidManifest.xml:23:9-81
35        android:protectionLevel="signature" />
35-->[androidx.core:core:1.9.0] AndroidManifest.xml:24:9-44
36
37    <uses-permission android:name="com.example.safesafar.DYNAMIC_RECEIVER_NOT_EXPORTED_PERMISSION" />
37-->[androidx.core:core:1.9.0] AndroidManifest.xml:26:5-97
37-->[androidx.core:core:1.9.0] AndroidManifest.xml:26:22-94
38
39    <application
39-->src\main\AndroidManifest.xml:15:5-46:19
40        android:allowBackup="true"
40-->src\main\AndroidManifest.xml:16:9-35
41        android:appComponentFactory="androidx.core.app.CoreComponentFactory"
41-->[androidx.core:core:1.9.0] AndroidManifest.xml:28:18-86
42        android:debuggable="true"
43        android:icon="@mipmap/ic_launcher"
43-->src\main\AndroidManifest.xml:16:36-70
44        android:label="@string/app_name"
44-->src\main\AndroidManifest.xml:16:71-103
45        android:roundIcon="@mipmap/ic_launcher_round"
45-->src\main\AndroidManifest.xml:17:9-54
46        android:supportsRtl="true"
46-->src\main\AndroidManifest.xml:17:55-81
47        android:testOnly="true"
48        android:theme="@style/Theme.SafeSafar" >
48-->src\main\AndroidManifest.xml:17:82-120
49        <activity
49-->src\main\AndroidManifest.xml:18:9-23:20
50            android:name="com.example.safesafar.MainActivity"
50-->src\main\AndroidManifest.xml:18:19-47
51            android:exported="true"
51-->src\main\AndroidManifest.xml:18:48-71
52            android:theme="@style/Theme.SafeSafar" >
52-->src\main\AndroidManifest.xml:18:72-110
53            <intent-filter>
53-->src\main\AndroidManifest.xml:19:13-22:29
54                <action android:name="android.intent.action.MAIN" />
54-->src\main\AndroidManifest.xml:20:17-69
54-->src\main\AndroidManifest.xml:20:25-66
55
56                <category android:name="android.intent.category.LAUNCHER" />
56-->src\main\AndroidManifest.xml:21:17-77
56-->src\main\AndroidManifest.xml:21:27-74
57            </intent-filter>
58        </activity>
59        <activity
59-->src\main\AndroidManifest.xml:24:9-101
60            android:name="com.example.safesafar.ui.FakeCallSetupActivity"
60-->src\main\AndroidManifest.xml:24:19-59
61            android:theme="@style/Theme.SafeSafar" />
61-->src\main\AndroidManifest.xml:24:60-98
62        <activity
62-->src\main\AndroidManifest.xml:25:9-96
63            android:name="com.example.safesafar.ui.FakeCallActivity"
63-->src\main\AndroidManifest.xml:25:19-54
64            android:theme="@style/Theme.SafeSafar" />
64-->src\main\AndroidManifest.xml:25:55-93
65        <activity
65-->src\main\AndroidManifest.xml:26:9-96
66            android:name="com.example.safesafar.ui.ContactsActivity"
66-->src\main\AndroidManifest.xml:26:19-54
67            android:theme="@style/Theme.SafeSafar" />
67-->src\main\AndroidManifest.xml:26:55-93
68        <activity
68-->src\main\AndroidManifest.xml:27:9-96
69            android:name="com.example.safesafar.ui.FollowMeActivity"
69-->src\main\AndroidManifest.xml:27:19-54
70            android:theme="@style/Theme.SafeSafar" />
70-->src\main\AndroidManifest.xml:27:55-93
71        <activity
71-->src\main\AndroidManifest.xml:28:9-98
72            android:name="com.example.safesafar.ui.SafetyTipsActivity"
72-->src\main\AndroidManifest.xml:28:19-56
73            android:theme="@style/Theme.SafeSafar" />
73-->src\main\AndroidManifest.xml:28:57-95
74        <activity
74-->src\main\AndroidManifest.xml:29:9-99
75            android:name="com.example.safesafar.ui.SelfDefenseActivity"
75-->src\main\AndroidManifest.xml:29:19-57
76            android:theme="@style/Theme.SafeSafar" />
76-->src\main\AndroidManifest.xml:29:58-96
77        <activity
77-->src\main\AndroidManifest.xml:30:9-99
78            android:name="com.example.safesafar.ui.VideoPlayerActivity"
78-->src\main\AndroidManifest.xml:30:19-57
79            android:theme="@style/Theme.SafeSafar" />
79-->src\main\AndroidManifest.xml:30:58-96
80        <activity
80-->src\main\AndroidManifest.xml:31:9-96
81            android:name="com.example.safesafar.ui.SettingsActivity"
81-->src\main\AndroidManifest.xml:31:19-54
82            android:theme="@style/Theme.SafeSafar" />
82-->src\main\AndroidManifest.xml:31:55-93
83
84        <service
84-->src\main\AndroidManifest.xml:32:9-143
85            android:name="com.example.safesafar.service.SosService"
85-->src\main\AndroidManifest.xml:32:18-52
86            android:enabled="true"
86-->src\main\AndroidManifest.xml:32:53-75
87            android:exported="false"
87-->src\main\AndroidManifest.xml:32:76-100
88            android:foregroundServiceType="location" />
88-->src\main\AndroidManifest.xml:32:101-141
89
90        <provider
91            android:name="androidx.core.content.FileProvider"
91-->src\main\AndroidManifest.xml:35:13-62
92            android:authorities="com.example.safesafar.provider"
92-->src\main\AndroidManifest.xml:36:13-60
93            android:exported="false"
93-->src\main\AndroidManifest.xml:37:13-37
94            android:grantUriPermissions="true" >
94-->src\main\AndroidManifest.xml:38:13-47
95            <meta-data
95-->src\main\AndroidManifest.xml:39:13-41:58
96                android:name="android.support.FILE_PROVIDER_PATHS"
96-->src\main\AndroidManifest.xml:40:17-67
97                android:resource="@xml/provider_paths" />
97-->src\main\AndroidManifest.xml:41:17-55
98        </provider>
99
100        <meta-data
100-->src\main\AndroidManifest.xml:43:9-45:44
101            android:name="com.google.android.geo.API_KEY"
101-->src\main\AndroidManifest.xml:44:13-58
102            android:value="YOUR_API_KEY" />
102-->src\main\AndroidManifest.xml:45:13-41
103        <!-- Needs to be explicitly declared on P+ -->
104        <uses-library
104-->[com.google.android.gms:play-services-maps:18.2.0] AndroidManifest.xml:39:9-41:40
105            android:name="org.apache.http.legacy"
105-->[com.google.android.gms:play-services-maps:18.2.0] AndroidManifest.xml:40:13-50
106            android:required="false" />
106-->[com.google.android.gms:play-services-maps:18.2.0] AndroidManifest.xml:41:13-37
107
108        <activity
108-->[com.google.android.gms:play-services-base:18.1.0] AndroidManifest.xml:20:9-22:45
109            android:name="com.google.android.gms.common.api.GoogleApiActivity"
109-->[com.google.android.gms:play-services-base:18.1.0] AndroidManifest.xml:20:19-85
110            android:exported="false"
110-->[com.google.android.gms:play-services-base:18.1.0] AndroidManifest.xml:22:19-43
111            android:theme="@android:style/Theme.Translucent.NoTitleBar" />
111-->[com.google.android.gms:play-services-base:18.1.0] AndroidManifest.xml:21:19-78
112
113        <meta-data
113-->[com.google.android.gms:play-services-basement:18.1.0] AndroidManifest.xml:21:9-23:69
114            android:name="com.google.android.gms.version"
114-->[com.google.android.gms:play-services-basement:18.1.0] AndroidManifest.xml:22:13-58
115            android:value="@integer/google_play_services_version" />
115-->[com.google.android.gms:play-services-basement:18.1.0] AndroidManifest.xml:23:13-66
116
117        <provider
117-->[androidx.emoji2:emoji2:1.2.0] AndroidManifest.xml:24:9-32:20
118            android:name="androidx.startup.InitializationProvider"
118-->[androidx.emoji2:emoji2:1.2.0] AndroidManifest.xml:25:13-67
119            android:authorities="com.example.safesafar.androidx-startup"
119-->[androidx.emoji2:emoji2:1.2.0] AndroidManifest.xml:26:13-68
120            android:exported="false" >
120-->[androidx.emoji2:emoji2:1.2.0] AndroidManifest.xml:27:13-37
121            <meta-data
121-->[androidx.emoji2:emoji2:1.2.0] AndroidManifest.xml:29:13-31:52
122                android:name="androidx.emoji2.text.EmojiCompatInitializer"
122-->[androidx.emoji2:emoji2:1.2.0] AndroidManifest.xml:30:17-75
123                android:value="androidx.startup" />
123-->[androidx.emoji2:emoji2:1.2.0] AndroidManifest.xml:31:17-49
124            <meta-data
124-->[androidx.lifecycle:lifecycle-process:2.6.0] AndroidManifest.xml:29:13-31:52
125                android:name="androidx.lifecycle.ProcessLifecycleInitializer"
125-->[androidx.lifecycle:lifecycle-process:2.6.0] AndroidManifest.xml:30:17-78
126                android:value="androidx.startup" />
126-->[androidx.lifecycle:lifecycle-process:2.6.0] AndroidManifest.xml:31:17-49
127            <meta-data
127-->[androidx.profileinstaller:profileinstaller:1.2.1] AndroidManifest.xml:30:13-32:52
128                android:name="androidx.profileinstaller.ProfileInstallerInitializer"
128-->[androidx.profileinstaller:profileinstaller:1.2.1] AndroidManifest.xml:31:17-85
129                android:value="androidx.startup" />
129-->[androidx.profileinstaller:profileinstaller:1.2.1] AndroidManifest.xml:32:17-49
130        </provider>
131
132        <receiver
132-->[androidx.profileinstaller:profileinstaller:1.2.1] AndroidManifest.xml:35:9-47:20
133            android:name="androidx.profileinstaller.ProfileInstallReceiver"
133-->[androidx.profileinstaller:profileinstaller:1.2.1] AndroidManifest.xml:36:13-76
134            android:directBootAware="false"
134-->[androidx.profileinstaller:profileinstaller:1.2.1] AndroidManifest.xml:37:13-44
135            android:enabled="true"
135-->[androidx.profileinstaller:profileinstaller:1.2.1] AndroidManifest.xml:38:13-35
136            android:exported="true"
136-->[androidx.profileinstaller:profileinstaller:1.2.1] AndroidManifest.xml:39:13-36
137            android:permission="android.permission.DUMP" >
137-->[androidx.profileinstaller:profileinstaller:1.2.1] AndroidManifest.xml:40:13-57
138            <intent-filter>
138-->[androidx.profileinstaller:profileinstaller:1.2.1] AndroidManifest.xml:41:13-43:29
139                <action android:name="androidx.profileinstaller.action.INSTALL_PROFILE" />
139-->[androidx.profileinstaller:profileinstaller:1.2.1] AndroidManifest.xml:42:17-91
139-->[androidx.profileinstaller:profileinstaller:1.2.1] AndroidManifest.xml:42:25-88
140            </intent-filter>
141            <intent-filter>
141-->[androidx.profileinstaller:profileinstaller:1.2.1] AndroidManifest.xml:44:13-46:29
142                <action android:name="androidx.profileinstaller.action.SKIP_FILE" />
142-->[androidx.profileinstaller:profileinstaller:1.2.1] AndroidManifest.xml:45:17-85
142-->[androidx.profileinstaller:profileinstaller:1.2.1] AndroidManifest.xml:45:25-82
143            </intent-filter>
144        </receiver>
145    </application>
146
147</manifest>